[2023-05-19T21:47:06.362+0000] {taskinstance.py:1084} INFO - Dependencies all met for dep_context=non-requeueable deps ti=<TaskInstance: get_todays_gamesv2.call_games manual__2023-05-19T21:47:02.463451+00:00 [queued]>
[2023-05-19T21:47:06.379+0000] {taskinstance.py:1084} INFO - Dependencies all met for dep_context=requeueable deps ti=<TaskInstance: get_todays_gamesv2.call_games manual__2023-05-19T21:47:02.463451+00:00 [queued]>
[2023-05-19T21:47:06.380+0000] {taskinstance.py:1282} INFO - 
--------------------------------------------------------------------------------
[2023-05-19T21:47:06.381+0000] {taskinstance.py:1283} INFO - Starting attempt 1 of 1
[2023-05-19T21:47:06.381+0000] {taskinstance.py:1284} INFO - 
--------------------------------------------------------------------------------
[2023-05-19T21:47:06.405+0000] {taskinstance.py:1303} INFO - Executing <Task(PythonOperator): call_games> on 2023-05-19 21:47:02.463451+00:00
[2023-05-19T21:47:06.412+0000] {standard_task_runner.py:55} INFO - Started process 527 to run task
[2023-05-19T21:47:06.434+0000] {standard_task_runner.py:82} INFO - Running: ['***', 'tasks', 'run', 'get_todays_gamesv2', 'call_games', 'manual__2023-05-19T21:47:02.463451+00:00', '--job-id', '61', '--raw', '--subdir', 'DAGS_FOLDER/todays_gamesv2.py', '--cfg-path', '/tmp/tmpdwnxhni9']
[2023-05-19T21:47:06.435+0000] {standard_task_runner.py:83} INFO - Job 61: Subtask call_games
[2023-05-19T21:47:06.558+0000] {task_command.py:388} INFO - Running <TaskInstance: get_todays_gamesv2.call_games manual__2023-05-19T21:47:02.463451+00:00 [running]> on host 2e718862c733
[2023-05-19T21:47:06.640+0000] {taskinstance.py:1511} INFO - Exporting the following env vars:
AIRFLOW_CTX_DAG_OWNER=***
AIRFLOW_CTX_DAG_ID=get_todays_gamesv2
AIRFLOW_CTX_TASK_ID=call_games
AIRFLOW_CTX_EXECUTION_DATE=2023-05-19T21:47:02.463451+00:00
AIRFLOW_CTX_TRY_NUMBER=1
AIRFLOW_CTX_DAG_RUN_ID=manual__2023-05-19T21:47:02.463451+00:00
[2023-05-19T21:47:06.645+0000] {taskinstance.py:1775} ERROR - Task failed with exception
Traceback (most recent call last):
  File "/home/airflow/.local/lib/python3.7/site-packages/airflow/operators/python.py", line 175, in execute
    return_value = self.execute_callable()
  File "/home/airflow/.local/lib/python3.7/site-packages/airflow/operators/python.py", line 192, in execute_callable
    return self.python_callable(*self.op_args, **self.op_kwargs)
  File "/opt/airflow/dags/todays_gamesv2.py", line 34, in _call_games
    date_call = context['ds'].strftime('%Y-%m-%d')
AttributeError: 'str' object has no attribute 'strftime'
[2023-05-19T21:47:06.654+0000] {taskinstance.py:1326} INFO - Marking task as FAILED. dag_id=get_todays_gamesv2, task_id=call_games, execution_date=20230519T214702, start_date=20230519T214706, end_date=20230519T214706
[2023-05-19T21:47:06.667+0000] {standard_task_runner.py:105} ERROR - Failed to execute job 61 for task call_games ('str' object has no attribute 'strftime'; 527)
[2023-05-19T21:47:06.677+0000] {local_task_job.py:212} INFO - Task exited with return code 1
[2023-05-19T21:47:06.713+0000] {taskinstance.py:2585} INFO - 0 downstream tasks scheduled from follow-on schedule check
